[2016-05-08 01:24:29]错误级别是：E_NOTICE;在C:\xampp\htdocs\taoaixin_phone\andriodinterface\controller\loveInfor.php第7行存在错误;错误信息是Undefined index: json。
 
[2016-05-08 01:24:29]错误级别是：E_NOTICE;在C:\xampp\htdocs\taoaixin_phone\andriodinterface\controller\loveInfor.php第7行存在错误;错误信息是Undefined index: json。
 
[2016-05-08 01:24:30]错误级别是：E_NOTICE;在C:\xampp\htdocs\taoaixin_phone\andriodinterface\controller\loveInfor.php第7行存在错误;错误信息是Undefined index: json。
 
[2016-05-08 01:24:38]错误级别是：E_NOTICE;在C:\xampp\htdocs\taoaixin_phone\andriodinterface\controller\loveInfor.php第7行存在错误;错误信息是Undefined index: json。
 
[2016-05-08 01:26:08]错误级别是：E_NOTICE;在C:\xampp\htdocs\taoaixin_phone\andriodinterface\controller\recommendByType.php第43行存在错误;错误信息是Undefined variable: response_data。
 
[2016-05-08 01:26:11]错误级别是：E_NOTICE;在C:\xampp\htdocs\taoaixin_phone\andriodinterface\controller\recommendByType.php第43行存在错误;错误信息是Undefined variable: response_data。
 
[2016-05-08 01:26:12]错误级别是：E_NOTICE;在C:\xampp\htdocs\taoaixin_phone\andriodinterface\controller\recommendByType.php第43行存在错误;错误信息是Undefined variable: response_data。
 
[2016-05-08 01:26:36]错误级别是：E_NOTICE;在C:\xampp\htdocs\taoaixin_phone\andriodinterface\controller\shopInfor.php第16行存在错误;错误信息是Undefined offset: 0。
 
[2016-05-08 01:29:31]错误级别是：E_NOTICE;在C:\xampp\htdocs\taoaixin_phone\andriodinterface\controller\checkInfor.php第16行存在错误;错误信息是Undefined offset: 0。
 
[2016-05-08 01:29:32]错误级别是：E_NOTICE;在C:\xampp\htdocs\taoaixin_phone\andriodinterface\controller\recommendByType.php第43行存在错误;错误信息是Undefined variable: response_data。
 
[2016-05-08 01:30:06]错误级别是：E_NOTICE;在C:\xampp\htdocs\taoaixin_phone\andriodinterface\controller\recommendByType.php第43行存在错误;错误信息是Undefined variable: response_data。
 
[2016-05-08 01:30:10]错误级别是：E_NOTICE;在C:\xampp\htdocs\taoaixin_phone\andriodinterface\controller\shopInfor.php第16行存在错误;错误信息是Undefined offset: 0。
 
[2016-05-08 01:32:49]错误级别是：E_NOTICE;在C:\xampp\htdocs\taoaixin_phone\andriodinterface\controller\recommendByType.php第43行存在错误;错误信息是Undefined variable: response_data。
 
[2016-05-08 01:33:29]错误级别是：E_NOTICE;在C:\xampp\htdocs\taoaixin_phone\andriodinterface\controller\recommendByType.php第43行存在错误;错误信息是Undefined variable: response_data。
 
[2016-05-08 01:37:31]错误级别是：E_NOTICE;在C:\xampp\htdocs\taoaixin_phone\andriodinterface\controller\loveInfor.php第7行存在错误;错误信息是Undefined index: json。
 
[2016-05-08 01:38:05]错误级别是：E_NOTICE;在C:\xampp\htdocs\taoaixin_phone\andriodinterface\controller\recommendByType.php第43行存在错误;错误信息是Undefined variable: response_data。
 
[2016-05-08 01:38:12]错误级别是：E_NOTICE;在C:\xampp\htdocs\taoaixin_phone\andriodinterface\controller\recommendByType.php第43行存在错误;错误信息是Undefined variable: response_data。
 
[2016-05-08 01:39:04]错误级别是：E_NOTICE;在C:\xampp\htdocs\taoaixin_phone\andriodinterface\controller\recommendByType.php第43行存在错误;错误信息是Undefined variable: response_data。
 
[2016-05-08 01:43:43]错误级别是：E_NOTICE;在C:\xampp\htdocs\taoaixin_phone\andriodinterface\controller\recommendByType.php第43行存在错误;错误信息是Undefined variable: response_data。
 
[2016-05-08 01:43:44]错误级别是：E_NOTICE;在C:\xampp\htdocs\taoaixin_phone\andriodinterface\controller\recommendByType.php第43行存在错误;错误信息是Undefined variable: response_data。
 
[2016-05-08 01:43:59]错误级别是：E_NOTICE;在C:\xampp\htdocs\taoaixin_phone\andriodinterface\controller\recommendByType.php第43行存在错误;错误信息是Undefined variable: response_data。
 
[2016-05-08 01:46:29]错误级别是：E_NOTICE;在C:\xampp\htdocs\taoaixin_phone\andriodinterface\controller\recommendByType.php第43行存在错误;错误信息是Undefined variable: response_data。
 
[2016-05-08 10:44:05]错误级别是：E_NOTICE;在C:\xampp\htdocs\taoaixin_phone\andriodinterface\controller\recommendByType.php第43行存在错误;错误信息是Undefined variable: response_data。
 
[2016-05-08 10:44:37]错误级别是：E_NOTICE;在C:\xampp\htdocs\taoaixin_phone\andriodinterface\controller\recommendByType.php第43行存在错误;错误信息是Undefined variable: response_data。
 
[2016-05-08 10:45:15]错误级别是：E_NOTICE;在C:\xampp\htdocs\taoaixin_phone\andriodinterface\controller\recommendByType.php第43行存在错误;错误信息是Undefined variable: response_data。
 
[2016-05-08 11:55:42]错误级别是：E_NOTICE;在C:\xampp\htdocs\taoaixin_phone\andriodinterface\controller\checkInfor.php第16行存在错误;错误信息是Undefined offset: 0。
 
[2016-05-08 11:56:30]错误级别是：E_NOTICE;在C:\xampp\htdocs\taoaixin_phone\andriodinterface\controller\checkInfor.php第16行存在错误;错误信息是Undefined offset: 0。
 
[2016-05-08 11:57:41]错误级别是：E_NOTICE;在C:\xampp\htdocs\taoaixin_phone\andriodinterface\controller\checkInfor.php第16行存在错误;错误信息是Undefined offset: 0。
 
[2016-05-08 11:57:44]错误级别是：E_NOTICE;在C:\xampp\htdocs\taoaixin_phone\andriodinterface\controller\shopInfor.php第16行存在错误;错误信息是Undefined offset: 0。
 
[2016-05-08 11:57:56]错误级别是：E_NOTICE;在C:\xampp\htdocs\taoaixin_phone\andriodinterface\controller\userInfor.php第16行存在错误;错误信息是Undefined offset: 0。
 
[2016-05-08 11:58:01]错误级别是：E_NOTICE;在C:\xampp\htdocs\taoaixin_phone\andriodinterface\controller\checkInfor.php第16行存在错误;错误信息是Undefined offset: 0。
 
[2016-05-08 12:02:33]错误级别是：E_NOTICE;在C:\xampp\htdocs\taoaixin_phone\andriodinterface\controller\checkInfor.php第16行存在错误;错误信息是Undefined offset: 0。
 
[2016-05-08 12:06:11]错误级别是：E_NOTICE;在C:\xampp\htdocs\taoaixin_phone\andriodinterface\controller\checkInfor.php第16行存在错误;错误信息是Undefined offset: 0。
 
[2016-05-08 12:06:12]错误级别是：E_NOTICE;在C:\xampp\htdocs\taoaixin_phone\andriodinterface\controller\shopInfor.php第16行存在错误;错误信息是Undefined offset: 0。
 
[2016-05-08 12:08:39]错误级别是：E_NOTICE;在C:\xampp\htdocs\taoaixin_phone\andriodinterface\controller\checkInfor.php第16行存在错误;错误信息是Undefined offset: 0。
 
[2016-05-08 12:08:41]错误级别是：E_NOTICE;在C:\xampp\htdocs\taoaixin_phone\andriodinterface\controller\shopInfor.php第16行存在错误;错误信息是Undefined offset: 0。
 
[2016-05-08 12:11:44]错误级别是：E_NOTICE;在C:\xampp\htdocs\taoaixin_phone\andriodinterface\controller\checkInfor.php第16行存在错误;错误信息是Undefined offset: 0。
 
[2016-05-08 12:17:02]错误级别是：E_NOTICE;在C:\xampp\htdocs\taoaixin_phone\andriodinterface\controller\checkInfor.php第16行存在错误;错误信息是Undefined offset: 0。
 
[2016-05-08 12:21:42]错误级别是：E_NOTICE;在C:\xampp\htdocs\taoaixin_phone\andriodinterface\controller\checkInfor.php第16行存在错误;错误信息是Undefined offset: 0。
 
[2016-05-08 12:21:54]错误级别是：E_NOTICE;在C:\xampp\htdocs\taoaixin_phone\andriodinterface\controller\checkInfor.php第16行存在错误;错误信息是Undefined offset: 0。
 
[2016-05-08 12:34:28]错误级别是：E_NOTICE;在C:\xampp\htdocs\taoaixin_phone\andriodinterface\controller\checkInfor.php第16行存在错误;错误信息是Undefined offset: 0。
 
[2016-05-08 12:34:39]错误级别是：E_NOTICE;在C:\xampp\htdocs\taoaixin_phone\andriodinterface\controller\checkInfor.php第16行存在错误;错误信息是Undefined offset: 0。
 
[2016-05-08 12:34:50]错误级别是：E_NOTICE;在C:\xampp\htdocs\taoaixin_phone\andriodinterface\controller\checkInfor.php第16行存在错误;错误信息是Undefined offset: 0。
 
[2016-05-08 12:34:58]错误级别是：E_NOTICE;在C:\xampp\htdocs\taoaixin_phone\andriodinterface\controller\checkInfor.php第16行存在错误;错误信息是Undefined offset: 0。
 
[2016-05-08 13:40:01]错误级别是：E_NOTICE;在C:\xampp\htdocs\taoaixin_phone\andriodinterface\controller\loveInfor.php第7行存在错误;错误信息是Undefined index: json。
 
[2016-05-08 13:55:46]错误级别是：E_NOTICE;在C:\xampp\htdocs\taoaixin_phone\andriodinterface\controller\checkInfor.php第16行存在错误;错误信息是Undefined offset: 0。
 
[2016-05-08 14:06:22]错误级别是：E_NOTICE;在C:\xampp\htdocs\taoaixin_phone\andriodinterface\controller\checkInfor.php第16行存在错误;错误信息是Undefined offset: 0。
 
[2016-05-08 14:06:39]错误级别是：E_NOTICE;在C:\xampp\htdocs\taoaixin_phone\andriodinterface\controller\checkInfor.php第16行存在错误;错误信息是Undefined offset: 0。
 
[2016-05-08 14:06:54]错误级别是：E_NOTICE;在C:\xampp\htdocs\taoaixin_phone\andriodinterface\controller\checkInfor.php第16行存在错误;错误信息是Undefined offset: 0。
 
[2016-05-08 14:16:33]错误级别是：E_NOTICE;在C:\xampp\htdocs\taoaixin_phone\andriodinterface\controller\checkInfor.php第16行存在错误;错误信息是Undefined offset: 0。
 
[2016-05-08 14:17:03]错误级别是：E_NOTICE;在C:\xampp\htdocs\taoaixin_phone\andriodinterface\controller\checkInfor.php第16行存在错误;错误信息是Undefined offset: 0。
 
[2016-05-08 14:17:20]错误级别是：E_NOTICE;在C:\xampp\htdocs\taoaixin_phone\andriodinterface\controller\checkInfor.php第16行存在错误;错误信息是Undefined offset: 0。
 
[2016-05-08 14:17:22]错误级别是：E_NOTICE;在C:\xampp\htdocs\taoaixin_phone\andriodinterface\controller\shopInfor.php第16行存在错误;错误信息是Undefined offset: 0。
 
[2016-05-08 14:21:17]错误级别是：E_NOTICE;在C:\xampp\htdocs\taoaixin_phone\andriodinterface\controller\shopInfor.php第16行存在错误;错误信息是Undefined offset: 0。
 
[2016-05-08 14:27:32]错误级别是：E_NOTICE;在C:\xampp\htdocs\taoaixin_phone\andriodinterface\controller\checkInfor.php第16行存在错误;错误信息是Undefined offset: 0。
 
[2016-05-08 14:27:34]错误级别是：E_NOTICE;在C:\xampp\htdocs\taoaixin_phone\andriodinterface\controller\checkInfor.php第16行存在错误;错误信息是Undefined offset: 0。
 
[2016-05-08 14:28:01]错误级别是：E_NOTICE;在C:\xampp\htdocs\taoaixin_phone\andriodinterface\controller\shopInfor.php第16行存在错误;错误信息是Undefined offset: 0。
 
[2016-05-08 14:29:47]错误级别是：E_NOTICE;在C:\xampp\htdocs\taoaixin_phone\andriodinterface\controller\checkInfor.php第16行存在错误;错误信息是Undefined offset: 0。
 
[2016-05-08 14:29:50]错误级别是：E_NOTICE;在C:\xampp\htdocs\taoaixin_phone\andriodinterface\controller\userInfor.php第16行存在错误;错误信息是Undefined offset: 0。
 
[2016-05-08 14:30:10]错误级别是：E_NOTICE;在C:\xampp\htdocs\taoaixin_phone\andriodinterface\controller\checkInfor.php第16行存在错误;错误信息是Undefined offset: 0。
 
[2016-05-08 14:30:12]错误级别是：E_NOTICE;在C:\xampp\htdocs\taoaixin_phone\andriodinterface\controller\checkInfor.php第16行存在错误;错误信息是Undefined offset: 0。
 
[2016-05-08 14:30:13]错误级别是：E_NOTICE;在C:\xampp\htdocs\taoaixin_phone\andriodinterface\controller\checkInfor.php第16行存在错误;错误信息是Undefined offset: 0。
 
[2016-05-08 15:08:51]错误级别是：E_NOTICE;在C:\xampp\htdocs\taoaixin_phone\andriodinterface\controller\checkInfor.php第16行存在错误;错误信息是Undefined offset: 0。
 
[2016-05-08 15:10:19]错误级别是：E_NOTICE;在C:\xampp\htdocs\taoaixin_phone\andriodinterface\controller\checkInfor.php第16行存在错误;错误信息是Undefined offset: 0。
 
[2016-05-08 15:10:33]错误级别是：E_NOTICE;在C:\xampp\htdocs\taoaixin_phone\andriodinterface\controller\shopInfor.php第16行存在错误;错误信息是Undefined offset: 0。
 
[2016-05-08 21:16:47]错误级别是：E_NOTICE;在C:\xampp\htdocs\taoaixin_phone\andriodinterface\controller\loveInfor.php第7行存在错误;错误信息是Undefined index: json。
 
